<?xml version="1.0" encoding="UTF-8" ?>
<testsuite tests="5" failures="0" name="SentenceConverterTest" time="0.006" errors="0" skipped="0">
  <properties>
[...]
</properties>
  <testcase classname="SentenceConverterTest" name="testConvertSentenceWithoutQuestions" time="0.006"/>
  <testcase classname="SentenceConverterTest" name="testConvertOneQuestionSentenceWith2Words" time="0"/>
  <testcase classname="SentenceConverterTest" name="testConvertOneQuestionSentenceWith3Words" time="0"/>
  <testcase classname="SentenceConverterTest" name="testConvert3SentencesWith2QuestionSentences" time="0"/>
  <testcase classname="SentenceConverterTest" name="testConvertOneQuestionSentenceWith1Word" time="0"/>
</testsuite>